<?xml version="1.0" encoding="utf-8"?><testsuites name="pytest tests"><testsuite name="pytest" errors="0" failures="0" skipped="0" tests="3" time="3.445" timestamp="2026-09-20T09:03:16.950213+07:00" hostname="LAPTOP-IM32S6P5"><testcase classname="tests.uat.test_three_roles_uat" name="test_uat_01_requester_creates_and_tracks_own_ticket" time="0.928" /><testcase classname="tests.uat.test_three_roles_uat" name="test_uat_02_processor_handles_assigned_ticket" time="1.144" /><testcase classname="tests.uat.test_three_roles_uat" name="test_uat_03_admin_monitors_and_assigns_ticket" time="0.871" /></testsuite></testsuites>