<?xml version="1.0" encoding="utf-8"?><testsuites name="pytest tests"><testsuite name="pytest" errors="0" failures="0" skipped="0" tests="2" time="0.372" timestamp="2026-09-20T09:50:19.246352+07:00" hostname="LAPTOP-IM32S6P5"><testcase classname="tests.evaluation.test_kpi_evaluation" name="test_cv054_calculates_all_ten_kpis_from_simulated_data" time="0.018" /><testcase classname="tests.evaluation.test_kpi_evaluation" name="test_cv054_compares_targets_and_preserves_traceability" time="0.006" /></testsuite></testsuites>