<?xml version="1.0" encoding="utf-8"?><testsuites name="pytest tests"><testsuite name="pytest" errors="0" failures="0" skipped="0" tests="3" time="1.424" timestamp="2026-09-20T11:19:27.235921+07:00" hostname="LAPTOP-IM32S6P5"><testcase classname="tests.regression.test_high_priority_fixes" name="test_high_001_overall_sla_is_calculated_once_per_ticket" time="0.022" /><testcase classname="tests.regression.test_high_priority_fixes" name="test_high_002_resolution_duration_uses_resolved_at_not_closed_at" time="0.418" /><testcase classname="tests.regression.test_high_priority_fixes" name="test_high_003_reopen_period_uses_event_time_not_ticket_created_time" time="0.464" /></testsuite></testsuites>