<?xml version="1.0" encoding="utf-8"?><testsuites name="pytest tests"><testsuite name="pytest" errors="0" failures="0" skipped="0" tests="10" time="8.828" timestamp="2026-09-20T10:56:35.438648+07:00" hostname="LAPTOP-IM32S6P5"><testcase classname="tests.functional.test_close_reopen_workflow" name="test_cv049_close_and_reopen_workflow" time="2.011" /><testcase classname="tests.functional.test_negative_cases" name="test_cv051_invalid_data_is_rejected_without_persistence" time="0.442" /><testcase classname="tests.functional.test_negative_cases" name="test_cv051_invalid_state_is_rejected_atomically" time="0.584" /><testcase classname="tests.functional.test_negative_cases" name="test_cv051_duplicate_data_is_rejected_without_new_record" time="0.440" /><testcase classname="tests.functional.test_negative_cases" name="test_cv051_missing_resource_returns_standard_not_found" time="0.492" /><testcase classname="tests.functional.test_negative_cases" name="test_cv051_system_error_is_logged_but_response_is_sanitized" time="0.427" /><testcase classname="tests.functional.test_normal_ticket_flow" name="test_cv047_normal_ticket_flow" time="1.110" /><testcase classname="tests.functional.test_security_access" name="test_cv050_api_and_ui_role_boundaries" time="0.994" /><testcase classname="tests.functional.test_security_access" name="test_cv050_attachment_cannot_be_accessed_illegally" time="1.040" /><testcase classname="tests.functional.test_sla_deadlines" name="test_cv048_near_due_overdue_escalation_and_breach" time="0.976" /></testsuite></testsuites>