<?xml version="1.0" encoding="utf-8"?><testsuites name="pytest tests"><testsuite name="pytest" errors="0" failures="0" skipped="0" tests="308" time="164.281" timestamp="2026-09-20T11:50:45.080863+07:00" hostname="LAPTOP-IM32S6P5"><testcase classname="tests.assignments.test_assignment" name="test_assignment_requires_authentication" time="0.559" /><testcase classname="tests.assignments.test_assignment" name="test_requester_cannot_assign_and_does_not_mutate" time="0.624" /><testcase classname="tests.assignments.test_assignment" name="test_processor_cannot_assign_and_does_not_mutate" time="0.925" /><testcase classname="tests.assignments.test_assignment" name="test_admin_initial_assignment_changes_status_history_and_audit" time="0.897" /><testcase classname="tests.assignments.test_assignment" name="test_admin_reassigns_closes_old_row_preserves_status_and_audits_reason" time="0.624" /><testcase classname="tests.assignments.test_assignment" name="test_reassignment_requires_nonblank_reason" time="0.601" /><testcase classname="tests.assignments.test_assignment" name="test_same_assignee_is_rejected_without_mutation" time="0.684" /><testcase classname="tests.assignments.test_assignment" name="test_inactive_processor_is_rejected" time="0.564" /><testcase classname="tests.assignments.test_assignment" name="test_non_processor_and_missing_user_are_invalid" time="0.602" /><testcase classname="tests.assignments.test_assignment" name="test_terminal_ticket_cannot_be_assigned" time="0.728" /><testcase classname="tests.assignments.test_assignment" name="test_missing_assigned_status_reports_configuration_error" time="0.725" /><testcase classname="tests.assignments.test_assignment" name="test_missing_ticket_returns_domain_404" time="0.669" /><testcase classname="tests.assignments.test_assignment" name="test_assignment_payload_rejects_unknown_and_invalid_fields" time="0.568" /><testcase classname="tests.attachments.test_attachments" name="test_owner_uploads_and_downloads_attachment" time="0.608" /><testcase classname="tests.attachments.test_attachments" name="test_admin_can_download_requester_attachment" time="0.656" /><testcase classname="tests.attachments.test_attachments" name="test_unassigned_processor_cannot_download_attachment" time="0.739" /><testcase classname="tests.attachments.test_attachments" name="test_current_assignee_can_download_attachment" time="0.680" /><testcase classname="tests.attachments.test_attachments" name="test_upload_rejects_extension_declared_mime_and_fake_content" time="0.603" /><testcase classname="tests.attachments.test_attachments" name="test_upload_rejects_file_over_configured_size" time="0.570" /><testcase classname="tests.attachments.test_attachments" name="test_path_traversal_filename_is_never_used_as_storage_path" time="0.557" /><testcase classname="tests.attachments.test_attachments" name="test_comment_must_belong_to_same_ticket" time="0.692" /><testcase classname="tests.attachments.test_attachments" name="test_requester_cannot_upload_to_internal_comment" time="0.844" /><testcase classname="tests.attachments.test_attachments" name="test_terminal_ticket_rejects_new_attachment" time="0.676" /><testcase classname="tests.attachments.test_attachments" name="test_uploader_can_delete_and_object_is_removed" time="0.738" /><testcase classname="tests.attachments.test_attachments" name="test_missing_attachment_returns_not_found" time="0.449" /><testcase classname="tests.attachments.test_attachments" name="test_non_owner_cannot_delete_attachment" time="0.692" /><testcase classname="tests.audit.test_audit_log" name="test_admin_lists_and_filters_audit_logs" time="0.462" /><testcase classname="tests.audit.test_audit_log" name="test_audit_log_requires_admin" time="0.431" /><testcase classname="tests.audit.test_audit_log" name="test_audit_log_requires_authentication" time="0.474" /><testcase classname="tests.audit.test_audit_log" name="test_failed_login_is_audited_without_credentials" time="0.651" /><testcase classname="tests.audit.test_audit_log" name="test_role_assignment_creates_permission_audit" time="0.568" /><testcase classname="tests.audit.test_audit_log" name="test_ticket_creation_and_sla_initialization_are_audited" time="0.578" /><testcase classname="tests.audit.test_audit_log" name="test_audit_filters_validate_timezone_and_range" time="0.511" /><testcase classname="tests.audit.test_audit_log" name="test_audit_api_exposes_no_update_or_delete" time="0.426" /><testcase classname="tests.audit.test_audit_log" name="test_audit_model_rejects_update_and_delete" time="0.095" /><testcase classname="tests.audit.test_audit_log" name="test_sensitive_values_are_redacted_recursively" time="0.004" /><testcase classname="tests.audit.test_audit_log" name="test_model_enforces_tracing_and_redaction_for_direct_writers" time="0.090" /><testcase classname="tests.authentication.test_current_user" name="test_me_requires_token_tc_auth_04" time="0.368" /><testcase classname="tests.authentication.test_current_user" name="test_me_returns_current_user" time="0.520" /><testcase classname="tests.authentication.test_current_user" name="test_update_own_profile_auth_05" time="0.620" /><testcase classname="tests.authentication.test_login" name="test_login_success_tc_auth_01" time="0.517" /><testcase classname="tests.authentication.test_login" name="test_login_wrong_password_tc_auth_02" time="0.545" /><testcase classname="tests.authentication.test_login" name="test_login_inactive_account_tc_auth_03" time="0.589" /><testcase classname="tests.authentication.test_login" name="test_login_rate_limit" time="0.833" /><testcase classname="tests.authentication.test_logout" name="test_logout_revokes_session_tc_auth_05" time="0.550" /><testcase classname="tests.authentication.test_refresh" name="test_refresh_rotates_token" time="0.486" /><testcase classname="tests.authentication.test_refresh" name="test_refresh_reuse_revokes_family" time="0.581" /><testcase classname="tests.authorization.test_rbac" name="test_require_roles_rejects_empty_policy" time="0.007" /><testcase classname="tests.authorization.test_rbac" name="test_admin_role_is_allowed" time="0.013" /><testcase classname="tests.authorization.test_rbac" name="test_requester_is_denied_with_standard_403_envelope" time="0.011" /><testcase classname="tests.authorization.test_rbac" name="test_client_header_and_stale_admin_claim_cannot_escalate_requester" time="0.010" /><testcase classname="tests.authorization.test_rbac" name="test_current_database_admin_role_wins_over_stale_requester_claim" time="0.009" /><testcase classname="tests.authorization.test_rbac" name="test_multi_role_user_is_allowed_when_one_role_matches" time="0.010" /><testcase classname="tests.authorization.test_rbac" name="test_authenticated_user_without_active_role_is_denied" time="0.010" /><testcase classname="tests.catalogs.test_category_priority" name="test_authenticated_user_lists_only_active_categories_by_default" time="0.455" /><testcase classname="tests.catalogs.test_category_priority" name="test_category_list_supports_search_and_inactive_filter" time="0.483" /><testcase classname="tests.catalogs.test_category_priority" name="test_catalogs_require_authentication" time="0.383" /><testcase classname="tests.catalogs.test_category_priority" name="test_authenticated_user_lists_active_priorities_in_level_order" time="0.490" /><testcase classname="tests.catalogs.test_category_priority" name="test_authenticated_user_lists_ticket_statuses" time="0.621" /><testcase classname="tests.catalogs.test_category_priority" name="test_admin_creates_normalized_category" time="0.477" /><testcase classname="tests.catalogs.test_category_priority" name="test_duplicate_category_name_is_case_insensitive" time="0.465" /><testcase classname="tests.catalogs.test_category_priority" name="test_admin_updates_and_disables_category" time="0.534" /><testcase classname="tests.catalogs.test_category_priority" name="test_empty_category_update_is_rejected" time="0.466" /><testcase classname="tests.catalogs.test_category_priority" name="test_missing_category_returns_404" time="0.474" /><testcase classname="tests.catalogs.test_category_priority" name="test_requester_cannot_manage_catalogs" time="0.536" /><testcase classname="tests.catalogs.test_category_priority" name="test_admin_creates_priority_and_normalizes_code" time="0.507" /><testcase classname="tests.catalogs.test_category_priority" name="test_priority_code_conflict_is_rejected" time="0.479" /><testcase classname="tests.catalogs.test_category_priority" name="test_priority_level_conflict_is_rejected" time="0.484" /><testcase classname="tests.catalogs.test_category_priority" name="test_invalid_priority_domain_is_rejected" time="0.632" /><testcase classname="tests.catalogs.test_category_priority" name="test_admin_updates_priority_without_changing_code_or_level" time="0.503" /><testcase classname="tests.catalogs.test_category_priority" name="test_priority_update_rejects_immutable_and_unknown_fields" time="0.488" /><testcase classname="tests.catalogs.test_category_priority" name="test_missing_priority_returns_404" time="0.528" /><testcase classname="tests.comments.test_comments" name="test_com02_requires_authentication" time="0.520" /><testcase classname="tests.comments.test_comments" name="test_requester_creates_public_reply_with_author_time_and_audit" time="0.625" /><testcase classname="tests.comments.test_comments" name="test_requester_cannot_create_internal_note" time="0.568" /><testcase classname="tests.comments.test_comments" name="test_com02_rejects_blank_reserved_type_and_extra_fields" time="0.569" /><testcase classname="tests.comments.test_comments" name="test_foreign_and_terminal_ticket_are_blocked" time="0.589" /><testcase classname="tests.comments.test_comments" name="test_processor_public_reply_completes_response_sla_only_once" time="0.628" /><testcase classname="tests.comments.test_comments" name="test_internal_note_is_hidden_from_requester_and_does_not_close_sla" time="0.758" /><testcase classname="tests.comments.test_comments" name="test_author_updates_content_without_changing_metadata" time="0.628" /><testcase classname="tests.comments.test_comments" name="test_non_author_and_expired_author_cannot_edit" time="0.669" /><testcase classname="tests.comments.test_comments" name="test_admin_can_edit_expired_comment_but_not_terminal_comment" time="0.608" /><testcase classname="tests.comments.test_comments" name="test_missing_comment_and_immutable_fields_are_rejected" time="0.574" /><testcase classname="tests.comments.test_comments" name="test_wf04_persists_solution_note_and_returns_it_in_detail" time="1.157" /><testcase classname="tests.dashboard.test_dashboard" name="test_dashboard_requires_authentication[/api/v1/dashboard/overview]" time="0.727" /><testcase classname="tests.dashboard.test_dashboard" name="test_dashboard_requires_authentication[/api/v1/dashboard/sla-performance]" time="0.569" /><testcase classname="tests.dashboard.test_dashboard" name="test_requester_cannot_view_dashboard[/api/v1/dashboard/overview]" time="0.834" /><testcase classname="tests.dashboard.test_dashboard" name="test_requester_cannot_view_dashboard[/api/v1/dashboard/sla-performance]" time="0.637" /><testcase classname="tests.dashboard.test_dashboard" name="test_admin_overview_returns_required_kpis" time="0.627" /><testcase classname="tests.dashboard.test_dashboard" name="test_overview_breakdowns_are_counted_and_sorted" time="0.599" /><testcase classname="tests.dashboard.test_dashboard" name="test_processor_dashboard_is_limited_to_current_assignments" time="0.580" /><testcase classname="tests.dashboard.test_dashboard" name="test_category_and_priority_filters_are_combined" time="0.603" /><testcase classname="tests.dashboard.test_dashboard" name="test_department_filter_uses_current_assignee_department" time="0.695" /><testcase classname="tests.dashboard.test_dashboard" name="test_admin_can_filter_by_current_assignee" time="0.610" /><testcase classname="tests.dashboard.test_dashboard" name="test_time_filter_excludes_old_tickets" time="0.735" /><testcase classname="tests.dashboard.test_dashboard" name="test_sla_performance_splits_types_and_excludes_not_applicable" time="0.602" /><testcase classname="tests.dashboard.test_dashboard" name="test_processor_sla_performance_is_scoped" time="0.564" /><testcase classname="tests.dashboard.test_dashboard" name="test_empty_period_returns_zero_counts_and_null_rates" time="0.595" /><testcase classname="tests.dashboard.test_dashboard" name="test_dashboard_rejects_invalid_time_range" time="0.571" /><testcase classname="tests.dashboard.test_dashboard" name="test_dashboard_requires_timezone_and_positive_filter_ids" time="0.596" /><testcase classname="tests.dashboard.test_dashboard_ui" name="test_dashboard_page_is_available_without_polluting_openapi" time="0.862" /><testcase classname="tests.dashboard.test_dashboard_ui" name="test_dashboard_loads_dedicated_local_assets" time="0.457" /><testcase classname="tests.dashboard.test_dashboard_ui" name="test_dashboard_exposes_all_cv044_filters_with_labels" time="0.368" /><testcase classname="tests.dashboard.test_dashboard_ui" name="test_dashboard_exposes_required_kpi_placeholders" time="0.415" /><testcase classname="tests.dashboard.test_dashboard_ui" name="test_dashboard_has_accessible_loading_error_and_empty_states" time="0.446" /><testcase classname="tests.dashboard.test_dashboard_ui" name="test_dashboard_has_explicit_success_failure_empty_and_denied_states" time="0.404" /><testcase classname="tests.dashboard.test_dashboard_ui" name="test_dashboard_script_integrates_cv043_and_filter_sources" time="0.369" /><testcase classname="tests.dashboard.test_dashboard_ui" name="test_dashboard_uses_session_scoped_tokens_and_refresh" time="0.385" /><testcase classname="tests.dashboard.test_dashboard_ui" name="test_dashboard_does_not_embed_credentials_or_render_api_html" time="0.379" /><testcase classname="tests.dashboard.test_dashboard_ui" name="test_dashboard_handles_missing_samples_without_fake_zero" time="0.411" /><testcase classname="tests.dashboard.test_dashboard_ui" name="test_dashboard_styles_target_supported_responsive_widths" time="0.385" /><testcase classname="tests.dashboard.test_dashboard_ui" name="test_home_page_links_to_dashboard_and_keeps_sla_legend" time="0.389" /><testcase classname="tests.evaluation.test_kpi_evaluation" name="test_cv054_calculates_all_ten_kpis_from_simulated_data" time="0.007" /><testcase classname="tests.evaluation.test_kpi_evaluation" name="test_cv054_compares_targets_and_preserves_traceability" time="0.006" /><testcase classname="tests.functional.test_close_reopen_workflow" name="test_cv049_close_and_reopen_workflow" time="1.818" /><testcase classname="tests.functional.test_negative_cases" name="test_cv051_invalid_data_is_rejected_without_persistence" time="0.447" /><testcase classname="tests.functional.test_negative_cases" name="test_cv051_invalid_state_is_rejected_atomically" time="0.613" /><testcase classname="tests.functional.test_negative_cases" name="test_cv051_duplicate_data_is_rejected_without_new_record" time="0.476" /><testcase classname="tests.functional.test_negative_cases" name="test_cv051_missing_resource_returns_standard_not_found" time="0.471" /><testcase classname="tests.functional.test_negative_cases" name="test_cv051_system_error_is_logged_but_response_is_sanitized" time="0.489" /><testcase classname="tests.functional.test_normal_ticket_flow" name="test_cv047_normal_ticket_flow" time="1.240" /><testcase classname="tests.functional.test_security_access" name="test_cv050_api_and_ui_role_boundaries" time="0.989" /><testcase classname="tests.functional.test_security_access" name="test_cv050_attachment_cannot_be_accessed_illegally" time="1.166" /><testcase classname="tests.functional.test_sla_deadlines" name="test_cv048_near_due_overdue_escalation_and_breach" time="1.024" /><testcase classname="tests.integration.test_week4_end_to_end" name="test_week4_main_flow_runs_end_to_end" time="1.051" /><testcase classname="tests.integration.test_week4_end_to_end" name="test_integration_error_contract_and_empty_result" time="0.551" /><testcase classname="tests.integration.test_week4_end_to_end" name="test_unknown_route_and_method_use_standard_error_envelope" time="0.380" /><testcase classname="tests.notifications.test_notifications" name="test_notification_list_requires_authentication" time="0.393" /><testcase classname="tests.notifications.test_notifications" name="test_user_lists_only_own_notifications_in_newest_order" time="0.495" /><testcase classname="tests.notifications.test_notifications" name="test_notification_list_supports_read_and_type_filters" time="0.525" /><testcase classname="tests.notifications.test_notifications" name="test_notification_list_is_paginated" time="0.500" /><testcase classname="tests.notifications.test_notifications" name="test_owner_marks_one_notification_read_idempotently" time="0.509" /><testcase classname="tests.notifications.test_notifications" name="test_user_cannot_mark_another_users_notification" time="0.490" /><testcase classname="tests.notifications.test_notifications" name="test_mark_all_read_can_be_filtered_and_is_idempotent" time="0.511" /><testcase classname="tests.notifications.test_notifications" name="test_notification_query_is_validated[page=0]" time="0.480" /><testcase classname="tests.notifications.test_notifications" name="test_notification_query_is_validated[page_size=101]" time="0.615" /><testcase classname="tests.notifications.test_notifications" name="test_notification_query_is_validated[type=XXXXXXXXXXXXXXXXXXXXXXXXXXXXXXX]" time="0.496" /><testcase classname="tests.notifications.test_notifications" name="test_assignment_notifies_new_assignee_and_requester" time="0.722" /><testcase classname="tests.notifications.test_notifications" name="test_processor_public_reply_notifies_requester_without_content_leak" time="0.685" /><testcase classname="tests.notifications.test_notifications" name="test_requester_public_reply_notifies_current_processor" time="0.658" /><testcase classname="tests.notifications.test_notifications" name="test_internal_comment_does_not_notify_requester" time="0.739" /><testcase classname="tests.notifications.test_notifications" name="test_request_info_status_notifies_requester" time="0.608" /><testcase classname="tests.notifications.test_notifications" name="test_resolved_status_notifies_requester" time="0.688" /><testcase classname="tests.ratings.test_rating" name="test_rating_requires_authentication" time="0.393" /><testcase classname="tests.ratings.test_rating" name="test_owner_rates_closed_ticket_and_audit_is_recorded" time="0.515" /><testcase classname="tests.ratings.test_rating" name="test_owner_may_rate_resolved_ticket" time="0.501" /><testcase classname="tests.ratings.test_rating" name="test_owner_reads_existing_rating" time="0.522" /><testcase classname="tests.ratings.test_rating" name="test_admin_and_assigned_processor_can_read_rating" time="0.695" /><testcase classname="tests.ratings.test_rating" name="test_foreign_requester_cannot_rate_ticket" time="0.503" /><testcase classname="tests.ratings.test_rating" name="test_non_requester_roles_cannot_submit_rating[processor_credentials]" time="0.502" /><testcase classname="tests.ratings.test_rating" name="test_non_requester_roles_cannot_submit_rating[admin_credentials]" time="0.498" /><testcase classname="tests.ratings.test_rating" name="test_rating_wrong_ticket_state_is_rejected" time="0.497" /><testcase classname="tests.ratings.test_rating" name="test_duplicate_rating_is_rejected_without_duplicate_audit" time="0.610" /><testcase classname="tests.ratings.test_rating" name="test_score_outside_one_to_five_is_rejected[0]" time="0.506" /><testcase classname="tests.ratings.test_rating" name="test_score_outside_one_to_five_is_rejected[6]" time="0.507" /><testcase classname="tests.ratings.test_rating" name="test_comment_over_limit_is_rejected" time="0.489" /><testcase classname="tests.ratings.test_rating" name="test_blank_optional_comment_is_saved_as_null" time="0.585" /><testcase classname="tests.ratings.test_rating" name="test_unrated_ticket_returns_rating_not_found" time="0.595" /><testcase classname="tests.ratings.test_rating" name="test_rating_read_obeys_ticket_scope" time="0.518" /><testcase classname="tests.ratings.test_rating" name="test_database_rejects_invalid_score" time="0.401" /><testcase classname="tests.regression.test_high_priority_fixes" name="test_high_001_overall_sla_is_calculated_once_per_ticket" time="0.008" /><testcase classname="tests.regression.test_high_priority_fixes" name="test_high_002_resolution_duration_uses_resolved_at_not_closed_at" time="0.397" /><testcase classname="tests.regression.test_high_priority_fixes" name="test_high_003_reopen_period_uses_event_time_not_ticket_created_time" time="0.409" /><testcase classname="tests.sla.test_escalation" name="test_sla_threshold_business_rules[79.99-1200-2-expected0]" time="0.008" /><testcase classname="tests.sla.test_escalation" name="test_sla_threshold_business_rules[80-1200-2-expected1]" time="0.007" /><testcase classname="tests.sla.test_escalation" name="test_sla_threshold_business_rules[100-0-2-expected2]" time="0.007" /><testcase classname="tests.sla.test_escalation" name="test_sla_threshold_business_rules[100.01--1-2-expected3]" time="0.007" /><testcase classname="tests.sla.test_escalation" name="test_sla_threshold_business_rules[149.99--1-2-expected4]" time="0.007" /><testcase classname="tests.sla.test_escalation" name="test_sla_threshold_business_rules[150--1-2-expected5]" time="0.008" /><testcase classname="tests.sla.test_escalation" name="test_sla_threshold_business_rules[100.01--1-1-expected6]" time="0.007" /><testcase classname="tests.sla.test_escalation" name="test_sla_threshold_configuration_is_validated" time="0.006" /><testcase classname="tests.sla.test_escalation" name="test_worker_creates_warning_overdue_and_priority_escalation" time="0.542" /><testcase classname="tests.sla.test_escalation" name="test_worker_is_idempotent_and_does_not_reassign_ticket" time="0.553" /><testcase classname="tests.sla.test_escalation" name="test_notifications_target_current_assignee_and_active_admin" time="0.609" /><testcase classname="tests.sla.test_escalation" name="test_worker_writes_append_only_audit_context" time="0.841" /><testcase classname="tests.sla.test_escalation" name="test_sla_breaches_requires_processor_or_admin" time="0.739" /><testcase classname="tests.sla.test_escalation" name="test_processor_sees_only_currently_assigned_sla_events" time="0.830" /><testcase classname="tests.sla.test_escalation" name="test_admin_filters_and_paginates_escalations" time="0.809" /><testcase classname="tests.sla.test_sla_engine" name="test_deadline_uses_calendar_minutes_and_normalizes_utc" time="0.007" /><testcase classname="tests.sla.test_sla_engine" name="test_result_includes_completed_pause_time_and_boundary_is_met" time="0.008" /><testcase classname="tests.sla.test_sla_engine" name="test_paused_metrics_freeze_elapsed_and_remaining_time" time="0.007" /><testcase classname="tests.sla.test_sla_engine" name="test_sla_endpoint_requires_authentication" time="1.276" /><testcase classname="tests.sla.test_sla_engine" name="test_deadlines_follow_the_selected_priority_rule" time="0.950" /><testcase classname="tests.sla.test_sla_engine" name="test_requester_cannot_read_another_requesters_sla" time="0.948" /><testcase classname="tests.sla.test_sla_engine" name="test_latest_effective_policy_version_is_snapshotted" time="0.655" /><testcase classname="tests.sla.test_sla_engine" name="test_first_response_and_resolution_milestones_are_persisted" time="1.058" /><testcase classname="tests.sla.test_sla_engine" name="test_ticket_without_runtime_returns_configuration_aware_404" time="0.593" /><testcase classname="tests.sla.test_sla_status" name="test_sla_status_rules[RUNNING-None-1200-79.99-ON_TRACK]" time="0.005" /><testcase classname="tests.sla.test_sla_status" name="test_sla_status_rules[RUNNING-None-1200-80.0-NEAR_DUE]" time="0.005" /><testcase classname="tests.sla.test_sla_status" name="test_sla_status_rules[RUNNING-None-0-100.0-NEAR_DUE]" time="0.005" /><testcase classname="tests.sla.test_sla_status" name="test_sla_status_rules[RUNNING-None--1-100.01-OVERDUE]" time="0.005" /><testcase classname="tests.sla.test_sla_status" name="test_sla_status_rules[COMPLETED-MET-300-95.0-MET]" time="0.005" /><testcase classname="tests.sla.test_sla_status" name="test_sla_status_rules[COMPLETED-BREACHED--300-105.0-OVERDUE]" time="0.005" /><testcase classname="tests.sla.test_sla_status" name="test_sla_status_rules[NOT_APPLICABLE-NOT_APPLICABLE-None-None-NOT_APPLICABLE]" time="0.005" /><testcase classname="tests.sla.test_sla_status" name="test_paused_runtime_keeps_its_deadline_health_status" time="0.004" /><testcase classname="tests.sla.test_sla_status" name="test_overall_status_uses_the_most_urgent_runtime" time="0.004" /><testcase classname="tests.sla.test_sla_status" name="test_warning_threshold_must_match_policy_domain" time="0.004" /><testcase classname="tests.sla.test_sla_status" name="test_sla_status_is_available_in_sla_and_ticket_detail_apis" time="0.859" /><testcase classname="tests.sla.test_sla_status" name="test_sla_api_changes_from_near_due_to_overdue_and_met" time="0.590" /><testcase classname="tests.sla.test_sla_status" name="test_home_ui_renders_four_required_sla_badges" time="0.364" /><testcase classname="tests.test_healthcheck" name="test_liveness" time="0.402" /><testcase classname="tests.test_healthcheck" name="test_readiness_checks_database_and_redis" time="0.423" /><testcase classname="tests.test_seed_demo_data" name="test_seed_creates_all_required_demo_scenarios" time="0.230" /><testcase classname="tests.test_seed_demo_data" name="test_seed_sla_records_cover_normal_near_due_overdue_and_met" time="0.199" /><testcase classname="tests.test_seed_demo_data" name="test_near_due_and_overdue_deadlines_are_relative_to_seed_time" time="0.184" /><testcase classname="tests.test_seed_demo_data" name="test_closed_reopened_and_rejected_business_evidence_is_coherent" time="0.198" /><testcase classname="tests.test_seed_demo_data" name="test_processor_is_assigned_to_every_non_rejected_demo_ticket" time="0.203" /><testcase classname="tests.test_seed_demo_data" name="test_demo_seed_is_idempotent" time="0.216" /><testcase classname="tests.tickets.test_create_ticket" name="test_requester_creates_ticket_successfully" time="0.464" /><testcase classname="tests.tickets.test_create_ticket" name="test_created_ticket_is_persisted" time="0.596" /><testcase classname="tests.tickets.test_create_ticket" name="test_system_generates_unique_ticket_codes" time="0.558" /><testcase classname="tests.tickets.test_create_ticket" name="test_create_ticket_requires_authentication" time="0.380" /><testcase classname="tests.tickets.test_create_ticket" name="test_processor_cannot_create_requester_ticket" time="0.481" /><testcase classname="tests.tickets.test_create_ticket" name="test_unknown_category_is_rejected" time="0.472" /><testcase classname="tests.tickets.test_create_ticket" name="test_inactive_category_is_rejected" time="0.579" /><testcase classname="tests.tickets.test_create_ticket" name="test_unknown_priority_is_rejected" time="0.497" /><testcase classname="tests.tickets.test_create_ticket" name="test_inactive_priority_is_rejected" time="0.464" /><testcase classname="tests.tickets.test_create_ticket" name="test_invalid_ticket_content_returns_validation_error" time="0.491" /><testcase classname="tests.tickets.test_create_ticket" name="test_requester_cannot_supply_server_managed_fields" time="0.472" /><testcase classname="tests.tickets.test_create_ticket" name="test_missing_new_status_reports_configuration_error" time="0.494" /><testcase classname="tests.tickets.test_ticket_detail_history" name="test_ticket_detail_requires_authentication" time="0.456" /><testcase classname="tests.tickets.test_ticket_detail_history" name="test_requester_sees_complete_safe_ticket_detail" time="0.625" /><testcase classname="tests.tickets.test_ticket_detail_history" name="test_requester_cannot_view_foreign_ticket" time="0.584" /><testcase classname="tests.tickets.test_ticket_detail_history" name="test_current_processor_and_admin_can_view_scoped_detail" time="0.706" /><testcase classname="tests.tickets.test_ticket_detail_history" name="test_missing_ticket_returns_404" time="0.594" /><testcase classname="tests.tickets.test_ticket_detail_history" name="test_requester_comments_hide_internal_content_and_attachment" time="0.639" /><testcase classname="tests.tickets.test_ticket_detail_history" name="test_current_processor_sees_internal_comment_attachment" time="0.614" /><testcase classname="tests.tickets.test_ticket_detail_history" name="test_status_history_is_chronological_and_paginated" time="0.622" /><testcase classname="tests.tickets.test_ticket_detail_history" name="test_assignment_history_is_restricted_and_paginated" time="0.910" /><testcase classname="tests.tickets.test_ticket_detail_history" name="test_unassigned_processor_cannot_view_ticket" time="0.608" /><testcase classname="tests.tickets.test_ticket_detail_history" name="test_create_ticket_initializes_history_and_sla" time="0.661" /><testcase classname="tests.tickets.test_ticket_detail_history" name="test_timeline_pagination_is_validated" time="0.650" /><testcase classname="tests.tickets.test_ticket_list" name="test_ticket_list_requires_authentication" time="0.478" /><testcase classname="tests.tickets.test_ticket_list" name="test_requester_sees_only_own_tickets_and_cannot_use_privileged_filters" time="0.619" /><testcase classname="tests.tickets.test_ticket_list" name="test_processor_sees_only_current_assignments" time="0.611" /><testcase classname="tests.tickets.test_ticket_list" name="test_admin_sees_all_tickets_and_summary_fields" time="0.597" /><testcase classname="tests.tickets.test_ticket_list" name="test_admin_searches_and_combines_ticket_filters" time="0.741" /><testcase classname="tests.tickets.test_ticket_list" name="test_status_accepts_repeated_and_comma_separated_values" time="0.926" /><testcase classname="tests.tickets.test_ticket_list" name="test_created_time_range_is_inclusive_and_invalid_range_is_rejected" time="0.574" /><testcase classname="tests.tickets.test_ticket_list" name="test_pagination_and_sorting_are_deterministic" time="0.676" /><testcase classname="tests.tickets.test_ticket_list" name="test_invalid_status_and_query_constraints_return_validation_error" time="0.545" /><testcase classname="tests.uat.test_three_roles_uat" name="test_uat_01_requester_creates_and_tracks_own_ticket" time="0.679" /><testcase classname="tests.uat.test_three_roles_uat" name="test_uat_02_processor_handles_assigned_ticket" time="1.067" /><testcase classname="tests.uat.test_three_roles_uat" name="test_uat_03_admin_monitors_and_assigns_ticket" time="0.814" /><testcase classname="tests.ui.test_complete_responsive_ui" name="test_cv056_exposes_all_required_ui_states" time="0.391" /><testcase classname="tests.ui.test_complete_responsive_ui" name="test_cv056_displays_all_ticket_statuses_consistently" time="0.391" /><testcase classname="tests.ui.test_complete_responsive_ui" name="test_cv056_supports_retry_reset_success_and_mobile_recovery" time="0.452" /><testcase classname="tests.ui.test_complete_responsive_ui" name="test_cv056_responsive_css_covers_desktop_tablet_mobile_and_preferences" time="0.449" /><testcase classname="tests.ui.test_complete_responsive_ui" name="test_cv056_keeps_ui_safe_and_keyboard_accessible" time="0.460" /><testcase classname="tests.user_management.test_roles" name="test_admin_lists_roles_and_departments" time="0.576" /><testcase classname="tests.user_management.test_roles" name="test_requester_cannot_list_roles" time="0.527" /><testcase classname="tests.user_management.test_roles" name="test_admin_assigns_role_and_records_actor" time="0.523" /><testcase classname="tests.user_management.test_roles" name="test_duplicate_role_assignment_is_rejected" time="0.490" /><testcase classname="tests.user_management.test_roles" name="test_admin_removes_role_and_missing_assignment_returns_404" time="0.512" /><testcase classname="tests.user_management.test_roles" name="test_last_admin_role_cannot_be_removed" time="0.487" /><testcase classname="tests.user_management.test_roles" name="test_role_change_affects_existing_access_token_immediately" time="0.617" /><testcase classname="tests.user_management.test_users" name="test_requester_cannot_list_admin_users" time="0.456" /><testcase classname="tests.user_management.test_users" name="test_admin_lists_and_filters_users" time="0.526" /><testcase classname="tests.user_management.test_users" name="test_admin_creates_account_with_role" time="0.638" /><testcase classname="tests.user_management.test_users" name="test_admin_cannot_create_duplicate_email" time="0.487" /><testcase classname="tests.user_management.test_users" name="test_admin_gets_and_deactivates_user" time="0.591" /><testcase classname="tests.user_management.test_users" name="test_admin_update_rejects_unknown_department" time="0.644" /><testcase classname="tests.user_management.test_users" name="test_admin_user_not_found" time="0.502" /><testcase classname="tests.user_management.test_users" name="test_last_active_admin_cannot_be_deactivated" time="0.532" /><testcase classname="tests.workflow.test_close_ticket" name="test_close_requires_authentication" time="0.405" /><testcase classname="tests.workflow.test_close_ticket" name="test_owner_close_records_actor_time_history_and_audit" time="0.622" /><testcase classname="tests.workflow.test_close_ticket" name="test_resolved_ticket_without_solution_cannot_close_atomically" time="0.557" /><testcase classname="tests.workflow.test_close_ticket" name="test_only_resolved_ticket_can_close" time="0.511" /><testcase classname="tests.workflow.test_close_ticket" name="test_requester_cannot_close_foreign_ticket" time="0.493" /><testcase classname="tests.workflow.test_close_ticket" name="test_processor_cannot_close_ticket" time="0.517" /><testcase classname="tests.workflow.test_close_ticket" name="test_admin_reason_is_required_and_admin_is_recorded" time="0.575" /><testcase classname="tests.workflow.test_close_ticket" name="test_closing_twice_is_rejected_without_duplicate_records" time="0.560" /><testcase classname="tests.workflow.test_close_ticket" name="test_auto_close_records_system_actor_and_skips_missing_solution" time="0.397" /><testcase classname="tests.workflow.test_close_ticket" name="test_database_rejects_closer_without_close_time" time="0.388" /><testcase classname="tests.workflow.test_reopen_ticket" name="test_reopen_requires_authentication" time="0.408" /><testcase classname="tests.workflow.test_reopen_ticket" name="test_reopen_reason_is_required_and_has_minimum_length[payload0]" time="0.499" /><testcase classname="tests.workflow.test_reopen_ticket" name="test_reopen_reason_is_required_and_has_minimum_length[payload1]" time="0.479" /><testcase classname="tests.workflow.test_reopen_ticket" name="test_reopen_reason_is_required_and_has_minimum_length[payload2]" time="0.519" /><testcase classname="tests.workflow.test_reopen_ticket" name="test_owner_reopens_and_preserves_completed_sla_cycle" time="0.573" /><testcase classname="tests.workflow.test_reopen_ticket" name="test_requester_cannot_reopen_foreign_ticket" time="0.494" /><testcase classname="tests.workflow.test_reopen_ticket" name="test_non_requester_roles_cannot_reopen_ticket[processor_credentials]" time="0.509" /><testcase classname="tests.workflow.test_reopen_ticket" name="test_non_requester_roles_cannot_reopen_ticket[admin_credentials]" time="0.662" /><testcase classname="tests.workflow.test_reopen_ticket" name="test_ticket_must_be_resolved_to_reopen" time="0.530" /><testcase classname="tests.workflow.test_reopen_ticket" name="test_closed_ticket_cannot_be_reopened" time="0.511" /><testcase classname="tests.workflow.test_reopen_ticket" name="test_expired_reopen_window_is_rejected_atomically" time="0.603" /><testcase classname="tests.workflow.test_reopen_ticket" name="test_missing_resolution_is_rejected_atomically" time="0.836" /><testcase classname="tests.workflow.test_reopen_ticket" name="test_exact_72_hour_boundary_is_allowed" time="0.657" /><testcase classname="tests.workflow.test_reopen_ticket" name="test_second_reopen_does_not_duplicate_history_or_audit" time="0.664" /><testcase classname="tests.workflow.test_reopen_ticket" name="test_resume_creates_next_sla_cycle_and_detailed_audit" time="0.827" /><testcase classname="tests.workflow.test_workflow" name="test_workflow_requires_authentication" time="0.648" /><testcase classname="tests.workflow.test_workflow" name="test_wf01_current_processor_starts_and_audits" time="1.241" /><testcase classname="tests.workflow.test_workflow" name="test_wf01_wrong_state_is_atomic" time="0.834" /><testcase classname="tests.workflow.test_workflow" name="test_wf01_requires_current_assignment" time="0.744" /><testcase classname="tests.workflow.test_workflow" name="test_wf02_creates_public_request_and_pauses_sla" time="0.746" /><testcase classname="tests.workflow.test_workflow" name="test_wf02_rejects_blank_content_without_mutation" time="0.790" /><testcase classname="tests.workflow.test_workflow" name="test_wf03_owner_provides_info_and_resumes_sla" time="0.782" /><testcase classname="tests.workflow.test_workflow" name="test_wf03_foreign_requester_is_denied" time="0.666" /><testcase classname="tests.workflow.test_workflow" name="test_wf04_creates_resolution_and_completes_sla" time="0.790" /><testcase classname="tests.workflow.test_workflow" name="test_wf04_missing_note_is_validation_error" time="0.690" /><testcase classname="tests.workflow.test_workflow" name="test_wf05_owner_closes_resolved_ticket" time="0.781" /><testcase classname="tests.workflow.test_workflow" name="test_wf05_admin_must_supply_reason" time="0.673" /><testcase classname="tests.workflow.test_workflow" name="test_wf06_owner_reopens_within_72_hours_without_overwriting_cycle" time="0.799" /><testcase classname="tests.workflow.test_workflow" name="test_wf06_expired_window_is_rejected_atomically" time="0.659" /><testcase classname="tests.workflow.test_workflow" name="test_wf07_assignee_creates_next_resolution_cycle" time="0.738" /><testcase classname="tests.workflow.test_workflow" name="test_wf08_admin_rejects_new_and_marks_sla_not_applicable" time="0.702" /><testcase classname="tests.workflow.test_workflow" name="test_wf08_non_admin_is_forbidden_without_mutation" time="0.668" /><testcase classname="tests.workflow.test_workflow" name="test_terminal_ticket_has_no_outgoing_transition" time="0.726" /><testcase classname="tests.workflow.test_workflow" name="test_auto_close_is_expiry_scoped_and_idempotent" time="0.613" /></testsuite></testsuites>