<?xml version="1.0" encoding="utf-8"?><testsuites name="pytest tests"><testsuite name="pytest" errors="0" failures="0" skipped="0" tests="5" time="3.240" timestamp="2026-09-20T11:50:39.703783+07:00" hostname="LAPTOP-IM32S6P5"><testcase classname="tests.ui.test_complete_responsive_ui" name="test_cv056_exposes_all_required_ui_states" time="0.827" /><testcase classname="tests.ui.test_complete_responsive_ui" name="test_cv056_displays_all_ticket_statuses_consistently" time="0.393" /><testcase classname="tests.ui.test_complete_responsive_ui" name="test_cv056_supports_retry_reset_success_and_mobile_recovery" time="0.434" /><testcase classname="tests.ui.test_complete_responsive_ui" name="test_cv056_responsive_css_covers_desktop_tablet_mobile_and_preferences" time="0.442" /><testcase classname="tests.ui.test_complete_responsive_ui" name="test_cv056_keeps_ui_safe_and_keyboard_accessible" time="0.346" /></testsuite></testsuites>